[0715/113905.471:ERROR:process_info.cc(329)] VirtualQueryEx: 拒绝访问。 (0x5)
[0715/113905.472:ERROR:process_info.cc(556)] ReadMemoryInfo failed
[0715/113905.473:ERROR:scoped_process_suspend.cc(40)] NtResumeProcess: 已尝试访问正在退出的过程。 (0xc000010a)
[1011/135420.266:ERROR:process_reader_win.cc(123)] NtOpenThread: {无法访问} 过程已请求访问一对象，但未给访问权限。 (0xc0000022)
[1011/135420.298:ERROR:process_reader_win.cc(123)] NtOpenThread: {无法访问} 过程已请求访问一对象，但未给访问权限。 (0xc0000022)
[1011/135420.282:ERROR:process_reader_win.cc(123)] NtOpenThread: {无法访问} 过程已请求访问一对象，但未给访问权限。 (0xc0000022)
[1011/135420.266:ERROR:process_reader_win.cc(123)] NtOpenThread: {无法访问} 过程已请求访问一对象，但未给访问权限。 (0xc0000022)
[1011/135420.266:ERROR:process_reader_win.cc(123)] NtOpenThread: {无法访问} 过程已请求访问一对象，但未给访问权限。 (0xc0000022)
[1011/135420.266:ERROR:process_reader_win.cc(123)] NtOpenThread: {无法访问} 过程已请求访问一对象，但未给访问权限。 (0xc0000022)
[1011/135420.266:ERROR:process_reader_win.cc(123)] NtOpenThread: {无法访问} 过程已请求访问一对象，但未给访问权限。 (0xc0000022)
[1011/135420.344:ERROR:process_reader_win.cc(123)] NtOpenThread: {无法访问} 过程已请求访问一对象，但未给访问权限。 (0xc0000022)
[1011/135420.376:ERROR:exception_snapshot_win.cc(99)] thread ID 8996 not found in process
[1011/135420.360:ERROR:process_reader_win.cc(123)] NtOpenThread: {无法访问} 过程已请求访问一对象，但未给访问权限。 (0xc0000022)
[1011/135420.282:ERROR:process_reader_win.cc(123)] NtOpenThread: {无法访问} 过程已请求访问一对象，但未给访问权限。 (0xc0000022)
[1011/135420.376:ERROR:exception_snapshot_win.cc(99)] thread ID 20876 not found in process
[1011/135420.344:ERROR:process_reader_win.cc(123)] NtOpenThread: {无法访问} 过程已请求访问一对象，但未给访问权限。 (0xc0000022)
[1011/135420.376:ERROR:exception_snapshot_win.cc(99)] thread ID 17440 not found in process
[1011/135420.376:ERROR:exception_snapshot_win.cc(99)] thread ID 19356 not found in process
[1011/135420.376:ERROR:exception_snapshot_win.cc(99)] thread ID 20544 not found in process
[1011/135420.376:ERROR:exception_snapshot_win.cc(99)] thread ID 19588 not found in process
[1011/135420.376:ERROR:exception_snapshot_win.cc(99)] thread ID 19524 not found in process
[1011/135420.376:ERROR:exception_snapshot_win.cc(99)] thread ID 19084 not found in process
[1011/135420.376:ERROR:exception_snapshot_win.cc(99)] thread ID 19156 not found in process
[1011/135420.376:ERROR:exception_snapshot_win.cc(99)] thread ID 20956 not found in process
[1011/135420.376:ERROR:exception_snapshot_win.cc(99)] thread ID 11856 not found in process
[1020/084156.111:ERROR:directory_reader_win.cc(43)] FindFirstFile: 系统找不到指定的路径。 (0x3)
[1026/085000.362:ERROR:directory_reader_win.cc(43)] FindFirstFile: 系统找不到指定的路径。 (0x3)
[1027/091837.449:ERROR:directory_reader_win.cc(43)] FindFirstFile: 系统找不到指定的路径。 (0x3)
